-------------------------------------------------------------------------------
Test set: com.cognizant.empoyeemgmt.EmployeeManagementApplicationTests
-------------------------------------------------------------------------------
Tests run: 1, Failures: 0, Errors: 1, Skipped: 0, Time elapsed: 0.191 s <<< FAILURE! - in com.cognizant.empoyeemgmt.EmployeeManagementApplicationTests
com.cognizant.empoyeemgmt.EmployeeManagementApplicationTests  Time elapsed: 0.19 s  <<< ERROR!
java.lang.IllegalStateException: Unable to find a @SpringBootConfiguration, you need to use @ContextConfiguration or @SpringBootTest(classes=...) with your test

