<?xml version="1.0" encoding="UTF-8"?>
<testsuite xmlns:xsi="http://www.w3.org/2001/XMLSchema-instance" xsi:noNamespaceSchemaLocation="https://maven.apache.org/surefire/maven-surefire-plugin/xsd/surefire-test-report.xsd" version="3.0.2" name="com.example.AppTest" time="0.343" tests="4" errors="0" skipped="0" failures="0">
  <properties>
[...]
</properties>
  <testcase name="testLoggingExample" classname="com.example.AppTest" time="0.227">
    <system-out><![CDATA[22:22:07.982 [main] ERROR com.example.LoggingExample - This is an error message
22:22:07.986 [main] WARN  com.example.LoggingExample - This is a warning message
]]></system-out>
  </testcase>
  <testcase name="testLoggerInitialization" classname="com.example.AppTest" time="0.002">
    <system-out><![CDATA[22:22:07.988 [main] INFO  com.example.AppTest - Test logger is working
]]></system-out>
  </testcase>
  <testcase name="testParameterizedLogging" classname="com.example.AppTest" time="0.012">
    <system-out><![CDATA[22:22:07.989 [main] INFO  c.e.ParameterizedLoggingExample - User john_doe logged in successfully
22:22:07.992 [main] WARN  c.e.ParameterizedLoggingExample - User john_doe has 3 failed login attempts
22:22:07.992 [main] INFO  c.e.ParameterizedLoggingExample - Temperature: 23.5, Active status: true
22:22:07.997 [main] ERROR c.e.ParameterizedLoggingExample - Error during division: 10 / 0
java.lang.ArithmeticException: / by zero
	at com.example.ParameterizedLoggingExample.main(ParameterizedLoggingExample.java:25)
	at com.example.AppTest.testParameterizedLogging(AppTest.java:20)
	at java.base/jdk.internal.reflect.DirectMethodHandleAccessor.invoke(DirectMethodHandleAccessor.java:104)
	at java.base/java.lang.reflect.Method.invoke(Method.java:565)
	at org.junit.runners.model.FrameworkMethod$1.runReflectiveCall(FrameworkMethod.java:59)
	at org.junit.internal.runners.model.ReflectiveCallable.run(ReflectiveCallable.java:12)
	at org.junit.runners.model.FrameworkMethod.invokeExplosively(FrameworkMethod.java:56)
	at org.junit.internal.runners.statements.InvokeMethod.evaluate(InvokeMethod.java:17)
	at org.junit.runners.ParentRunner$3.evaluate(ParentRunner.java:306)
	at org.junit.runners.BlockJUnit4ClassRunner$1.evaluate(BlockJUnit4ClassRunner.java:100)
	at org.junit.runners.ParentRunner.runLeaf(ParentRunner.java:366)
	at org.junit.runners.BlockJUnit4ClassRunner.runChild(BlockJUnit4ClassRunner.java:103)
	at org.junit.runners.BlockJUnit4ClassRunner.runChild(BlockJUnit4ClassRunner.java:63)
	at org.junit.runners.ParentRunner$4.run(ParentRunner.java:331)
	at org.junit.runners.ParentRunner$1.schedule(ParentRunner.java:79)
	at org.junit.runners.ParentRunner.runChildren(ParentRunner.java:329)
	at org.junit.runners.ParentRunner.access$100(ParentRunner.java:66)
	at org.junit.runners.ParentRunner$2.evaluate(ParentRunner.java:293)
	at org.junit.runners.ParentRunner$3.evaluate(ParentRunner.java:306)
	at org.junit.runners.ParentRunner.run(ParentRunner.java:413)
	at org.apache.maven.surefire.junit4.JUnit4Provider.execute(JUnit4Provider.java:316)
	at org.apache.maven.surefire.junit4.JUnit4Provider.executeWithRerun(JUnit4Provider.java:240)
	at org.apache.maven.surefire.junit4.JUnit4Provider.executeTestSet(JUnit4Provider.java:214)
	at org.apache.maven.surefire.junit4.JUnit4Provider.invoke(JUnit4Provider.java:155)
	at org.apache.maven.surefire.booter.ForkedBooter.runSuitesInProcess(ForkedBooter.java:385)
	at org.apache.maven.surefire.booter.ForkedBooter.execute(ForkedBooter.java:162)
	at org.apache.maven.surefire.booter.ForkedBooter.run(ForkedBooter.java:507)
	at org.apache.maven.surefire.booter.ForkedBooter.main(ForkedBooter.java:495)
22:22:07.999 [main] INFO  c.e.ParameterizedLoggingExample - User details: User{name='alice', age=25}
]]></system-out>
  </testcase>
  <testcase name="testAppenderExample" classname="com.example.AppTest" time="0.003">
    <system-out><![CDATA[22:22:08.006 [main] INFO  com.example.AppenderExample - Application started with different appenders
22:22:08.006 [main] DEBUG com.example.AppenderExample - This is a debug message
22:22:08.006 [main] INFO  com.example.AppenderExample - This is an info message
22:22:08.006 [main] WARN  com.example.AppenderExample - This is a warning message
22:22:08.006 [main] ERROR com.example.AppenderExample - This is an error message
22:22:08.007 [main] INFO  com.example.AppenderExample - Processing order: ORD-12345 with amount: $150.5
22:22:08.007 [main] INFO  com.example.AppenderExample - Order ORD-12345 processed successfully
22:22:08.007 [main] INFO  com.example.AppenderExample - Processing order: ORD-12346 with amount: $275.3
22:22:08.007 [main] WARN  com.example.AppenderExample - Order ORD-12346 exceeds $200 threshold - requiring approval
22:22:08.008 [main] INFO  com.example.AppenderExample - Order ORD-12346 processed successfully
22:22:08.008 [main] INFO  com.example.AppenderExample - Processing order: ORD-12347 with amount: $-50.0
22:22:08.009 [main] ERROR com.example.AppenderExample - Invalid amount for order ORD-12347: $-50.0
]]></system-out>
  </testcase>
</testsuite>