-------------------------------------------------------------------------------
Test set: com.cognizant.apigateway.ApiGatewayApplicationTests
-------------------------------------------------------------------------------
Tests run: 1, Failures: 0, Errors: 1, Skipped: 0, Time elapsed: 3.914 s <<< FAILURE! - in com.cognizant.apigateway.ApiGatewayApplicationTests
contextLoads  Time elapsed: 0.001 s  <<< ERROR!
java.lang.IllegalStateException: Failed to load ApplicationContext
Caused by: org.springframework.boot.context.properties.bind.BindException: Failed to bind properties under 'statuses' to org.springframework.http.HttpStatus[]
Caused by: org.springframework.core.convert.ConversionFailedException: Failed to convert from type [java.lang.String] to type [org.springframework.http.HttpStatus] for value '500'; nested exception is java.lang.IllegalArgumentException: No enum constant org.springframework.http.HttpStatus.500
Caused by: java.lang.IllegalArgumentException: No enum constant org.springframework.http.HttpStatus.500

